Traceback (most recent call last):
  File "/Users/tabel/opt/anaconda3/lib/python3.9/site-packages/jupyter_cache/executors/utils.py", line 58, in single_nb_execution
    executenb(
  File "/Users/tabel/opt/anaconda3/lib/python3.9/site-packages/nbclient/client.py", line 1305, in execute
    return NotebookClient(nb=nb, resources=resources, km=km, **kwargs).execute()
  File "/Users/tabel/opt/anaconda3/lib/python3.9/site-packages/jupyter_core/utils/__init__.py", line 166, in wrapped
    return loop.run_until_complete(inner)
  File "/Users/tabel/opt/anaconda3/lib/python3.9/asyncio/base_events.py", line 647, in run_until_complete
    return future.result()
  File "/Users/tabel/opt/anaconda3/lib/python3.9/site-packages/nbclient/client.py", line 705, in async_execute
    await self.async_execute_cell(
  File "/Users/tabel/opt/anaconda3/lib/python3.9/site-packages/nbclient/client.py", line 1058, in async_execute_cell
    await self._check_raise_for_error(cell, cell_index, exec_reply)
  File "/Users/tabel/opt/anaconda3/lib/python3.9/site-packages/nbclient/client.py", line 914, in _check_raise_for_error
    raise CellExecutionError.from_cell_and_msg(cell, exec_reply_content)
nbclient.exceptions.CellExecutionError: An error occurred while executing the following cell:
------------------
x_star, f_star, history = Optimizer(rosen, grad_rosen, np.array([-4,-5]))
print("final x: ", x_star, "final f:", f_star)
------------------


[0;31m---------------------------------------------------------------------------[0m
[0;31mNameError[0m                                 Traceback (most recent call last)
Cell [0;32mIn[7], line 1[0m
[0;32m----> 1[0m x_star, f_star, history [38;5;241m=[39m [43mOptimizer[49m[43m([49m[43mrosen[49m[43m,[49m[43m [49m[43mgrad_rosen[49m[43m,[49m[43m [49m[43mnp[49m[38;5;241;43m.[39;49m[43marray[49m[43m([49m[43m[[49m[38;5;241;43m-[39;49m[38;5;241;43m4[39;49m[43m,[49m[38;5;241;43m-[39;49m[38;5;241;43m5[39;49m[43m][49m[43m)[49m[43m)[49m
[1;32m      2[0m [38;5;28mprint[39m([38;5;124m"[39m[38;5;124mfinal x: [39m[38;5;124m"[39m, x_star, [38;5;124m"[39m[38;5;124mfinal f:[39m[38;5;124m"[39m, f_star)

Cell [0;32mIn[6], line 9[0m, in [0;36mOptimizer[0;34m(f, grad_f, x)[0m
[1;32m      7[0m n_steps [38;5;241m=[39m [38;5;241m0[39m
[1;32m      8[0m [38;5;66;03m#insert termination condition, small function change or small gradient[39;00m
[0;32m----> 9[0m [38;5;28;01mwhile[39;00m [43m______[49m [38;5;129;01mand[39;00m n_steps [38;5;241m<[39m[38;5;241m=[39m [38;5;241m3000[39m: 
[1;32m     10[0m     [38;5;66;03m#keep record for plot[39;00m
[1;32m     11[0m     x_history[38;5;241m.[39mappend(x)
[1;32m     13[0m     [38;5;66;03m#insert step direction[39;00m

[0;31mNameError[0m: name '______' is not defined

