Traceback (most recent call last):
  File "/Users/tabel/opt/anaconda3/lib/python3.9/site-packages/jupyter_cache/executors/utils.py", line 58, in single_nb_execution
    executenb(
  File "/Users/tabel/opt/anaconda3/lib/python3.9/site-packages/nbclient/client.py", line 1305, in execute
    return NotebookClient(nb=nb, resources=resources, km=km, **kwargs).execute()
  File "/Users/tabel/opt/anaconda3/lib/python3.9/site-packages/jupyter_core/utils/__init__.py", line 166, in wrapped
    return loop.run_until_complete(inner)
  File "/Users/tabel/opt/anaconda3/lib/python3.9/asyncio/base_events.py", line 647, in run_until_complete
    return future.result()
  File "/Users/tabel/opt/anaconda3/lib/python3.9/site-packages/nbclient/client.py", line 705, in async_execute
    await self.async_execute_cell(
  File "/Users/tabel/opt/anaconda3/lib/python3.9/site-packages/nbclient/client.py", line 1058, in async_execute_cell
    await self._check_raise_for_error(cell, cell_index, exec_reply)
  File "/Users/tabel/opt/anaconda3/lib/python3.9/site-packages/nbclient/client.py", line 914, in _check_raise_for_error
    raise CellExecutionError.from_cell_and_msg(cell, exec_reply_content)
nbclient.exceptions.CellExecutionError: An error occurred while executing the following cell:
------------------
Am1 = linalg.inv(A)
np.matmul(Am1,A)
------------------


[0;31m---------------------------------------------------------------------------[0m
[0;31mLinAlgError[0m                               Traceback (most recent call last)
Cell [0;32mIn[9], line 1[0m
[0;32m----> 1[0m Am1 [38;5;241m=[39m [43mlinalg[49m[38;5;241;43m.[39;49m[43minv[49m[43m([49m[43mA[49m[43m)[49m
[1;32m      2[0m np[38;5;241m.[39mmatmul(Am1,A)

File [0;32m~/opt/anaconda3/lib/python3.9/site-packages/scipy/linalg/_basic.py:975[0m, in [0;36minv[0;34m(a, overwrite_a, check_finite)[0m
[1;32m    973[0m     inv_a, info [38;5;241m=[39m getri(lu, piv, lwork[38;5;241m=[39mlwork, overwrite_lu[38;5;241m=[39m[38;5;241m1[39m)
[1;32m    974[0m [38;5;28;01mif[39;00m info [38;5;241m>[39m [38;5;241m0[39m:
[0;32m--> 975[0m     [38;5;28;01mraise[39;00m LinAlgError([38;5;124m"[39m[38;5;124msingular matrix[39m[38;5;124m"[39m)
[1;32m    976[0m [38;5;28;01mif[39;00m info [38;5;241m<[39m [38;5;241m0[39m:
[1;32m    977[0m     [38;5;28;01mraise[39;00m [38;5;167;01mValueError[39;00m([38;5;124m'[39m[38;5;124millegal value in [39m[38;5;132;01m%d[39;00m[38;5;124m-th argument of internal [39m[38;5;124m'[39m
[1;32m    978[0m                      [38;5;124m'[39m[38;5;124mgetrf|getri[39m[38;5;124m'[39m [38;5;241m%[39m [38;5;241m-[39minfo)

[0;31mLinAlgError[0m: singular matrix

